<?xml version="1.0" encoding="UTF-8"?>
<testng-results skipped="0" failed="1" ignored="0" total="1" passed="0">
  <reporter-output>
  </reporter-output>
  <suite name="Default suite" duration-ms="37314" started-at="2019-08-08T19:29:52Z" finished-at="2019-08-08T19:30:29Z">
    <groups>
    </groups>
    <test name="Default test" duration-ms="37314" started-at="2019-08-08T19:29:52Z" finished-at="2019-08-08T19:30:29Z">
      <class name="com.latam.reserva.test.CP_1_Seleccionar_Metodo_Pago_Reserva_Test">
        <test-method status="FAIL" signature="seleccionarMetodoPago()[pri:0, instance:com.latam.reserva.test.CP_1_Seleccionar_Metodo_Pago_Reserva_Test@ae45eb6]" name="seleccionarMetodoPago" duration-ms="37270" started-at="2019-08-08T19:29:52Z" finished-at="2019-08-08T19:30:29Z">
          <exception class="java.lang.AssertionError">
            <message>
              <![CDATA[expected [true] but found [false]]]>
            </message>
            <full-stacktrace>
              <![CDATA[java.lang.AssertionError: expected [true] but found [false]
at org.testng.Assert.fail(Assert.java:96)
at org.testng.Assert.failNotEquals(Assert.java:776)
at org.testng.Assert.assertEqualsImpl(Assert.java:137)
at org.testng.Assert.assertEquals(Assert.java:118)
at org.testng.Assert.assertEquals(Assert.java:568)
at org.testng.Assert.assertEquals(Assert.java:578)
at com.latam.reserva.test.CP_1_Seleccionar_Metodo_Pago_Reserva_Test.seleccionarMetodoPago(CP_1_Seleccionar_Metodo_Pago_Reserva_Test.java:56)
at sun.reflect.NativeMethodAccessorImpl.invoke0(Native Method)
at sun.reflect.NativeMethodAccessorImpl.invoke(NativeMethodAccessorImpl.java:62)
at sun.reflect.DelegatingMethodAccessorImpl.invoke(DelegatingMethodAccessorImpl.java:43)
at java.lang.reflect.Method.invoke(Method.java:498)
at org.testng.internal.MethodInvocationHelper.invokeMethod(MethodInvocationHelper.java:124)
at org.testng.internal.Invoker.invokeMethod(Invoker.java:583)
at org.testng.internal.Invoker.invokeTestMethod(Invoker.java:719)
at org.testng.internal.Invoker.invokeTestMethods(Invoker.java:989)
at org.testng.internal.TestMethodWorker.invokeTestMethods(TestMethodWorker.java:125)
at org.testng.internal.TestMethodWorker.run(TestMethodWorker.java:109)
at org.testng.TestRunner.privateRun(TestRunner.java:648)
at org.testng.TestRunner.run(TestRunner.java:505)
at org.testng.SuiteRunner.runTest(SuiteRunner.java:455)
at org.testng.SuiteRunner.runSequentially(SuiteRunner.java:450)
at org.testng.SuiteRunner.privateRun(SuiteRunner.java:415)
at org.testng.SuiteRunner.run(SuiteRunner.java:364)
at org.testng.SuiteRunnerWorker.runSuite(SuiteRunnerWorker.java:52)
at org.testng.SuiteRunnerWorker.run(SuiteRunnerWorker.java:84)
at org.testng.TestNG.runSuitesSequentially(TestNG.java:1208)
at org.testng.TestNG.runSuitesLocally(TestNG.java:1137)
at org.testng.TestNG.runSuites(TestNG.java:1049)
at org.testng.TestNG.run(TestNG.java:1017)
at org.testng.remote.AbstractRemoteTestNG.run(AbstractRemoteTestNG.java:115)
at org.testng.remote.RemoteTestNG.initAndRun(RemoteTestNG.java:251)
at org.testng.remote.RemoteTestNG.main(RemoteTestNG.java:77)
]]>
            </full-stacktrace>
          </exception> <!-- java.lang.AssertionError -->
          <reporter-output>
          </reporter-output>
        </test-method> <!-- seleccionarMetodoPago -->
        <test-method status="PASS" signature="stopAllDrivers()[pri:0, instance:com.latam.reserva.test.CP_1_Seleccionar_Metodo_Pago_Reserva_Test@ae45eb6]" name="stopAllDrivers" is-config="true" duration-ms="883" started-at="2019-08-08T19:30:29Z" finished-at="2019-08-08T19:30:30Z">
          <reporter-output>
          </reporter-output>
        </test-method> <!-- stopAllDrivers -->
      </class> <!-- com.latam.reserva.test.CP_1_Seleccionar_Metodo_Pago_Reserva_Test -->
    </test> <!-- Default test -->
  </suite> <!-- Default suite -->
</testng-results>
